[    0.000000] Initializing cgroup subsys cpuset
[    0.000000] Initializing cgroup subsys cpu
[    0.000000] Initializing cgroup subsys cpuacct
[    0.000000] Linux version 4.4.0-97-generic (buildd@lcy01-33) (gcc version 5.4.0 20160609 (Ubuntu 5.4.0-6ubuntu1~16.04.4) ) #120-Ubuntu SMP Tue Sep 19 17:28:18 UTC 2017 (Ubuntu 4.4.0-97.120-generic 4.4.87)
[    0.000000] Command line: BOOT_IMAGE=/boot/vmlinuz-4.4.0-97-generic root=LABEL=cloudimg-rootfs ro console=tty1 console=ttyS0
[    0.000000] KERNEL supported cpus:
[    0.000000]   Intel GenuineIntel
[    0.000000]   AMD AuthenticAMD
[    0.000000]   Centaur CentaurHauls
[    0.000000] x86/fpu: xstate_offset[2]:  576, xstate_sizes[2]:  256
[    0.000000] x86/fpu: Supporting XSAVE feature 0x01: 'x87 floating point registers'
[    0.000000] x86/fpu: Supporting XSAVE feature 0x02: 'SSE registers'
[    0.000000] x86/fpu: Supporting XSAVE feature 0x04: 'AVX registers'
[    0.000000] x86/fpu: Enabled xstate features 0x7, context size is 832 bytes, using 'standard' format.
[    0.000000] x86/fpu: Using 'lazy' FPU context switches.
[    0.000000] e820: BIOS-provided physical RAM map:
[    0.000000] BIOS-e820: [mem 0x0000000000000000-0x000000000009fbff] usable
[    0.000000] BIOS-e820: [mem 0x000000000009fc00-0x000000000009ffff] reserved
[    0.000000] BIOS-e820: [mem 0x00000000000f0000-0x00000000000fffff] reserved
[    0.000000] BIOS-e820: [mem 0x0000000000100000-0x000000003ffeffff] usable
[    0.000000] BIOS-e820: [mem 0x000000003fff0000-0x000000003fffffff] ACPI data
[    0.000000] BIOS-e820: [mem 0x00000000fec00000-0x00000000fec00fff] reserved
[    0.000000] BIOS-e820: [mem 0x00000000fee00000-0x00000000fee00fff] reserved
[    0.000000] BIOS-e820: [mem 0x00000000fffc0000-0x00000000ffffffff] reserved
[    0.000000] NX (Execute Disable) protection: active
[    0.000000] SMBIOS 2.5 present.
[    0.000000] Hypervisor detected: KVM
[    0.000000] e820: last_pfn = 0x3fff0 max_arch_pfn = 0x400000000
[    0.000000] MTRR: Disabled
[    0.000000] x86/PAT: MTRRs disabled, skipping PAT initialization too.
[    0.000000] CPU MTRRs all blank - virtualized system.
[    0.000000] x86/PAT: Configuration [0-7]: WB  WT  UC- UC  WB  WT  UC- UC  
[    0.000000] found SMP MP-table at [mem 0x0009fff0-0x0009ffff] mapped at [ffff88000009fff0]
[    0.000000] Scanning 1 areas for low memory corruption
[    0.000000] RAMDISK: [mem 0x36adc000-0x37565fff]
[    0.000000] ACPI: Early table checksum verification disabled
[    0.000000] ACPI: RSDP 0x00000000000E0000 000024 (v02 VBOX  )
[    0.000000] ACPI: XSDT 0x000000003FFF0030 00003C (v01 VBOX   VBOXXSDT 00000001 ASL  00000061)
[    0.000000] ACPI: FACP 0x000000003FFF00F0 0000F4 (v04 VBOX   VBOXFACP 00000001 ASL  00000061)
[    0.000000] ACPI: DSDT 0x000000003FFF0470 0021FF (v02 VBOX   VBOXBIOS 00000002 INTL 20100528)
[    0.000000] ACPI: FACS 0x000000003FFF0200 000040
[    0.000000] ACPI: FACS 0x000000003FFF0200 000040
[    0.000000] ACPI: APIC 0x000000003FFF0240 00005C (v02 VBOX   VBOXAPIC 00000001 ASL  00000061)
[    0.000000] ACPI: SSDT 0x000000003FFF02A0 0001CC (v01 VBOX   VBOXCPUT 00000002 INTL 20100528)
[    0.000000] No NUMA configuration found
[    0.000000] Faking a node at [mem 0x0000000000000000-0x000000003ffeffff]
[    0.000000] NODE_DATA(0) allocated [mem 0x3ffeb000-0x3ffeffff]
[    0.000000] kvm-clock: Using msrs 4b564d01 and 4b564d00
[    0.000000] kvm-clock: cpu 0, msr 0:3ffe3001, primary cpu clock
[    0.000000] kvm-clock: using sched offset of 3299752976 cycles
[    0.000000] clocksource: kvm-clock: mask: 0xffffffffffffffff max_cycles: 0x1cd42e4dffb, max_idle_ns: 881590591483 ns
[    0.000000] Zone ranges:
[    0.000000]   DMA      [mem 0x0000000000001000-0x0000000000ffffff]
[    0.000000]   DMA32    [mem 0x0000000001000000-0x000000003ffeffff]
[    0.000000]   Normal   empty
[    0.000000]   Device   empty
[    0.000000] Movable zone start for each node
[    0.000000] Early memory node ranges
[    0.000000]   node   0: [mem 0x0000000000001000-0x000000000009efff]
[    0.000000]   node   0: [mem 0x0000000000100000-0x000000003ffeffff]
[    0.000000] Initmem setup node 0 [mem 0x0000000000001000-0x000000003ffeffff]
[    0.000000] ACPI: PM-Timer IO Port: 0x4008
[    0.000000] IOAPIC[0]: apic_id 2, version 32, address 0xfec00000, GSI 0-23
[    0.000000] ACPI: INT_SRC_OVR (bus 0 bus_irq 0 global_irq 2 dfl dfl)
[    0.000000] ACPI: INT_SRC_OVR (bus 0 bus_irq 9 global_irq 9 high level)
[    0.000000] Using ACPI (MADT) for SMP configuration information
[    0.000000] smpboot: Allowing 2 CPUs, 0 hotplug CPUs
[    0.000000] PM: Registered nosave memory: [mem 0x00000000-0x00000fff]
[    0.000000] PM: Registered nosave memory: [mem 0x0009f000-0x0009ffff]
[    0.000000] PM: Registered nosave memory: [mem 0x000a0000-0x000effff]
[    0.000000] PM: Registered nosave memory: [mem 0x000f0000-0x000fffff]
[    0.000000] e820: [mem 0x40000000-0xfebfffff] available for PCI devices
[    0.000000] Booting paravirtualized kernel on KVM
[    0.000000] clocksource: refined-jiffies: mask: 0xffffffff max_cycles: 0xffffffff, max_idle_ns: 7645519600211568 ns
[    0.000000] setup_percpu: NR_CPUS:512 nr_cpumask_bits:512 nr_cpu_ids:2 nr_node_ids:1
[    0.000000] PERCPU: Embedded 34 pages/cpu @ffff88003fc00000 s98328 r8192 d32744 u1048576
[    0.000000] PV qspinlock hash table entries: 256 (order: 0, 4096 bytes)
[    0.000000] Built 1 zonelists in Node order, mobility grouping on.  Total pages: 257913
[    0.000000] Policy zone: DMA32
[    0.000000] Kernel command line: BOOT_IMAGE=/boot/vmlinuz-4.4.0-97-generic root=LABEL=cloudimg-rootfs ro console=tty1 console=ttyS0
[    0.000000] PID hash table entries: 4096 (order: 3, 32768 bytes)
[    0.000000] Memory: 1001772K/1048120K available (8480K kernel code, 1294K rwdata, 3984K rodata, 1492K init, 1316K bss, 46348K reserved, 0K cma-reserved)
[    0.000000] SLUB: HWalign=64, Order=0-3, MinObjects=0, CPUs=2, Nodes=1
[    0.000000] Hierarchical RCU implementation.
[    0.000000] 	Build-time adjustment of leaf fanout to 64.
[    0.000000] 	RCU restricting CPUs from NR_CPUS=512 to nr_cpu_ids=2.
[    0.000000] RCU: Adjusting geometry for rcu_fanout_leaf=64, nr_cpu_ids=2
[    0.000000] NR_IRQS:33024 nr_irqs:440 16
[    0.000000] Console: colour VGA+ 80x25
[    0.000000] console [tty1] enabled
[    0.000000] console [ttyS0] enabled
[    0.000000] tsc: Detected 1799.998 MHz processor
[    3.313421] Calibrating delay loop (skipped) preset value.. 3599.99 BogoMIPS (lpj=7199992)
[    3.323795] pid_max: default: 32768 minimum: 301
[    3.325415] ACPI: Core revision 20150930
[    3.327358] ACPI: 2 ACPI AML tables successfully acquired and loaded
[    3.329037] Security Framework initialized
[    3.335866] Yama: becoming mindful.
[    3.336807] AppArmor: AppArmor initialized
[    3.337898] Dentry cache hash table entries: 131072 (order: 8, 1048576 bytes)
[    3.339697] Inode-cache hash table entries: 65536 (order: 7, 524288 bytes)
[    3.348475] Mount-cache hash table entries: 2048 (order: 2, 16384 bytes)
[    3.374145] Mountpoint-cache hash table entries: 2048 (order: 2, 16384 bytes)
[    3.375967] Initializing cgroup subsys io
[    3.377022] Initializing cgroup subsys memory
[    3.378172] Initializing cgroup subsys devices
[    3.409435] Initializing cgroup subsys freezer
[    3.416134] Initializing cgroup subsys net_cls
[    3.417225] Initializing cgroup subsys perf_event
[    3.418458] Initializing cgroup subsys net_prio
[    3.434440] Initializing cgroup subsys hugetlb
[    3.435564] Initializing cgroup subsys pids
[    3.436760] CPU: Physical Processor ID: 0
[    3.437821] CPU: Processor Core ID: 0
[    3.454454] mce: CPU supports 0 MCE banks
[    3.455562] Last level iTLB entries: 4KB 64, 2MB 8, 4MB 8
[    3.456823] Last level dTLB entries: 4KB 64, 2MB 0, 4MB 0, 1GB 4
[    3.460426] Freeing SMP alternatives memory: 32K
[    3.480502] ftrace: allocating 32148 entries in 126 pages
[    3.583275] smpboot: APIC(0) Converting physical 0 to logical package 0
[    3.613047] smpboot: Max logical packages: 1
[    3.614371] x2apic enabled
[    3.615352] Switched APIC routing to physical x2apic.
[    3.618855] ..TIMER: vector=0x30 apic1=0 pin1=2 apic2=-1 pin2=-1
[    3.728269] smpboot: CPU0: Intel(R) Core(TM) i5-5350U CPU @ 1.80GHz (family: 0x6, model: 0x3d, stepping: 0x4)
[    3.746292] Performance Events: unsupported p6 CPU model 61 no PMU driver, software events only.
[    3.748526] KVM setup paravirtual spinlock
[    3.756394] x86: Booting SMP configuration:
[    3.781693] .... node  #0, CPUs:      #1
[    3.783223] kvm-clock: cpu 1, msr 0:3ffe3041, secondary cpu clock
[    3.798161] mce: CPU supports 0 MCE banks
[    3.808802] x86: Booted up 1 node, 2 CPUs
[    3.810212] smpboot: Total of 2 processors activated (7199.99 BogoMIPS)
[    3.812289] devtmpfs: initialized
[    3.819502] evm: security.selinux
[    3.826809] evm: security.SMACK64
[    3.827720] evm: security.SMACK64EXEC
[    3.828686] evm: security.SMACK64TRANSMUTE
[    3.830990] evm: security.SMACK64MMAP
[    3.871343] evm: security.ima
[    3.906231] evm: security.capability
[    3.938400] clocksource: jiffies: mask: 0xffffffff max_cycles: 0xffffffff, max_idle_ns: 7645041785100000 ns
[    3.969490] futex hash table entries: 512 (order: 3, 32768 bytes)
[    3.998944] pinctrl core: initialized pinctrl subsystem
[    4.034977] RTC time: 13:44:51, date: 10/17/17
[    4.037778] NET: Registered protocol family 16
[    4.091298] cpuidle: using governor ladder
[    4.143105] cpuidle: using governor menu
[    4.181711] PCCT header not found.
[    4.219279] ACPI: bus type PCI registered
[    4.253052] acpiphp: ACPI Hot Plug PCI Controller Driver version: 0.5
[    4.313043] PCI: Using configuration type 1 for base access
[    4.377824] ACPI: Added _OSI(Module Device)
[    4.424195] ACPI: Added _OSI(Processor Device)
[    4.469779] ACPI: Added _OSI(3.0 _SCP Extensions)
[    4.530709] ACPI: Added _OSI(Processor Aggregator Device)
[    4.574643] ACPI: Executed 1 blocks of module-level executable AML code
[    4.614352] ACPI: Interpreter enabled
[    4.629523] ACPI: (supports S0 S5)
[    4.650940] ACPI: Using IOAPIC for interrupt routing
[    4.683110] PCI: Using host bridge windows from ACPI; if necessary, use "pci=nocrs" and report a bug
[    4.783027] ACPI: PCI Root Bridge [PCI0] (domain 0000 [bus 00-ff])
[    4.852148] acpi PNP0A03:00: _OSC: OS supports [ASPM ClockPM Segments MSI]
[    4.923994] acpi PNP0A03:00: _OSC: not requesting OS control; OS requires [ExtendedConfig ASPM ClockPM MSI]
[    4.979966] acpi PNP0A03:00: fail to add MMCONFIG information, can't access extended PCI configuration space under this bridge.
[    4.982913] PCI host bridge to bus 0000:00
[    5.028669] pci_bus 0000:00: root bus resource [io  0x0000-0x0cf7 window]
[    5.089039] pci_bus 0000:00: root bus resource [io  0x0d00-0xffff window]
[    5.138039] pci_bus 0000:00: root bus resource [mem 0x000a0000-0x000bffff window]
[    5.151623] pci_bus 0000:00: root bus resource [mem 0x40000000-0xffdfffff window]
[    5.224475] pci_bus 0000:00: root bus resource [bus 00-ff]
[    5.280810] pci 0000:00:01.1: legacy IDE quirk: reg 0x10: [io  0x01f0-0x01f7]
[    5.358270] pci 0000:00:01.1: legacy IDE quirk: reg 0x14: [io  0x03f6]
[    5.421242] pci 0000:00:01.1: legacy IDE quirk: reg 0x18: [io  0x0170-0x0177]
[    5.501963] pci 0000:00:01.1: legacy IDE quirk: reg 0x1c: [io  0x0376]
[    5.522811] pci 0000:00:07.0: quirk: [io  0x4000-0x403f] claimed by PIIX4 ACPI
[    5.540642] pci 0000:00:07.0: quirk: [io  0x4100-0x410f] claimed by PIIX4 SMB
[    5.555937] ACPI: PCI Interrupt Link [LNKA] (IRQs 5 9 10 *11)
[    5.574539] ACPI: PCI Interrupt Link [LNKB] (IRQs 5 9 10 *11)
[    5.581896] ACPI: PCI Interrupt Link [LNKC] (IRQs 5 9 *10 11)
[    5.583819] ACPI: PCI Interrupt Link [LNKD] (IRQs 5 *9 10 11)
[    5.585880] ACPI: Enabled 2 GPEs in block 00 to 07
[    5.587580] vgaarb: setting as boot device: PCI:0000:00:02.0
[    5.588992] vgaarb: device added: PCI:0000:00:02.0,decodes=io+mem,owns=io+mem,locks=none
[    5.591161] vgaarb: loaded
[    5.591983] vgaarb: bridge control possible 0000:00:02.0
[    5.601986] SCSI subsystem initialized
[    5.610059] ACPI: bus type USB registered
[    5.612511] usbcore: registered new interface driver usbfs
[    5.634174] usbcore: registered new interface driver hub
[    5.687666] usbcore: registered new device driver usb
[    5.704116] PCI: Using ACPI for IRQ routing
[    5.728298] NetLabel: Initializing
[    5.756389] NetLabel:  domain hash size = 128
[    5.800066] NetLabel:  protocols = UNLABELED CIPSOv4
[    5.847838] NetLabel:  unlabeled traffic allowed by default
[    5.904939] amd_nb: Cannot enumerate AMD northbridges
[    5.968019] clocksource: Switched to clocksource kvm-clock
[    6.048258] AppArmor: AppArmor Filesystem Enabled
[    6.130298] pnp: PnP ACPI init
[    6.190156] pnp: PnP ACPI: found 3 devices
[    6.275899] clocksource: acpi_pm: mask: 0xffffff max_cycles: 0xffffff, max_idle_ns: 2085701024 ns
[    6.449279] NET: Registered protocol family 2
[    6.546871] TCP established hash table entries: 8192 (order: 4, 65536 bytes)
[    6.664599] TCP bind hash table entries: 8192 (order: 5, 131072 bytes)
[    6.786353] TCP: Hash tables configured (established 8192 bind 8192)
[    6.910874] UDP hash table entries: 512 (order: 2, 16384 bytes)
[    7.015188] UDP-Lite hash table entries: 512 (order: 2, 16384 bytes)
[    7.119530] NET: Registered protocol family 1
[    7.209318] pci 0000:00:00.0: Limiting direct PCI/PCI transfers
[    7.328377] pci 0000:00:01.0: Activating ISA DMA hang workarounds
[    7.341218] Unpacking initramfs...
[    9.276436] Freeing initrd memory: 10792K
[    9.339763] RAPL PMU detected, API unit is 2^-32 Joules, 4 fixed counters 10737418240 ms ovfl timer
[    9.478518] hw unit of domain pp0-core 2^-0 Joules
[    9.553864] hw unit of domain package 2^-0 Joules
[    9.594113] hw unit of domain dram 2^-0 Joules
[    9.637857] hw unit of domain pp1-gpu 2^-0 Joules
[    9.646913] platform rtc_cmos: registered platform RTC device (no PNP device found)
[    9.820972] Scanning for low memory corruption every 60 seconds
[    9.822847] audit: initializing netlink subsys (disabled)
[    9.929700] audit: type=2000 audit(1508247896.751:1): initialized
[   10.001679] Initialise system trusted keyring
[   10.003131] HugeTLB registered 2 MB page size, pre-allocated 0 pages
[   10.120905] zbud: loaded
[   10.130516] VFS: Disk quotas dquot_6.6.0
[   10.134057] VFS: Dquot-cache hash table entries: 512 (order 0, 4096 bytes)
[   10.140832] squashfs: version 4.0 (2009/01/31) Phillip Lougher
[   10.159007] fuse init (API version 7.23)
[   10.167724] Key type big_key registered
[   10.177378] Allocating IMA MOK and blacklist keyrings.
[   10.194302] Key type asymmetric registered
[   10.205021] Asymmetric key parser 'x509' registered
[   10.260990] Block layer SCSI generic (bsg) driver version 0.4 loaded (major 249)
[   10.340558] io scheduler noop registered
[   10.341572] io scheduler deadline registered (default)
[   10.342822] io scheduler cfq registered
[   10.343918] pci_hotplug: PCI Hot Plug PCI Core version: 0.5
[   10.469889] pciehp: PCI Express Hot Plug Controller Driver version: 0.4
[   10.491273] ACPI: AC Adapter [AC] (off-line)
[   10.639983] input: Power Button as /devices/LNXSYSTM:00/LNXPWRBN:00/input/input0
[   10.880250] tsc: Refined TSC clocksource calibration: 1800.002 MHz
[   11.059618] clocksource: tsc: mask: 0xffffffffffffffff max_cycles: 0x19f22b76be8, max_idle_ns: 440795216487 ns
[   11.059669] ACPI: Power Button [PWRF]
[   11.059771] input: Sleep Button as /devices/LNXSYSTM:00/LNXSLPBN:00/input/input1
[   11.059772] ACPI: Sleep Button [SLPF]
[   11.059940] GHES: HEST is not enabled!
[   11.232934] ACPI: Battery Slot [BAT0] (battery present)
[   11.232996] Serial: 8250/16550 driver, 32 ports, IRQ sharing enabled
[   11.260271] 00:02: ttyS0 at I/O 0x3f8 (irq = 4, base_baud = 115200) is a 16550A
[   11.280370] Linux agpgart interface v0.103
[   11.327128] loop: module loaded
[   11.327669] scsi host0: ata_piix
[   11.327720] scsi host1: ata_piix
[   11.327749] ata1: PATA max UDMA/33 cmd 0x1f0 ctl 0x3f6 bmdma 0xd000 irq 14
[   11.327750] ata2: PATA max UDMA/33 cmd 0x170 ctl 0x376 bmdma 0xd008 irq 15
[   11.327819] libphy: Fixed MDIO Bus: probed
[   11.327822] tun: Universal TUN/TAP device driver, 1.6
[   11.327822] tun: (C) 1999-2004 Max Krasnyansky <maxk@qualcomm.com>
[   11.328157] PPP generic driver version 2.4.2
[   11.328212] ehci_hcd: USB 2.0 'Enhanced' Host Controller (EHCI) Driver
[   11.328216] ehci-pci: EHCI PCI platform driver
[   11.328232] ehci-platform: EHCI generic platform driver
[   11.328240] ohci_hcd: USB 1.1 'Open' Host Controller (OHCI) Driver
[   11.328246] ohci-pci: OHCI PCI platform driver
[   11.328254] ohci-platform: OHCI generic platform driver
[   11.328260] uhci_hcd: USB Universal Host Controller Interface driver
[   11.328315] i8042: PNP: PS/2 Controller [PNP0303:PS2K,PNP0f03:PS2M] at 0x60,0x64 irq 1,12
[   11.328783] serio: i8042 KBD port at 0x60,0x64 irq 1
[   11.328787] serio: i8042 AUX port at 0x60,0x64 irq 12
[   11.328880] mousedev: PS/2 mouse device common for all mice
[   11.329194] input: AT Translated Set 2 keyboard as /devices/platform/i8042/serio0/input/input2
[   11.329517] rtc_cmos rtc_cmos: rtc core: registered rtc_cmos as rtc0
[   11.329573] rtc_cmos rtc_cmos: alarms up to one day, 114 bytes nvram
[   11.329579] i2c /dev entries driver
[   11.329629] device-mapper: uevent: version 1.0.3
[   11.329679] device-mapper: ioctl: 4.34.0-ioctl (2015-10-28) initialised: dm-devel@redhat.com
[   11.329693] ledtrig-cpu: registered to indicate activity on CPUs
[   11.329937] NET: Registered protocol family 10
[   11.330080] NET: Registered protocol family 17
[   11.330112] Key type dns_resolver registered
[   11.330427] microcode: CPU0 sig=0x306d4, pf=0x40, revision=0x0
[   11.339324] microcode: CPU1 sig=0x306d4, pf=0x40, revision=0x0
[   11.339400] microcode: Microcode Update Driver: v2.01 <tigran@aivazian.fsnet.co.uk>, Peter Oruba
[   11.339525] registered taskstats version 1
[   11.339541] Loading compiled-in X.509 certificates
[   11.340218] Loaded X.509 cert 'Build time autogenerated kernel key: d1010f9627fd9242df4b03365d2931dfd1ad3d42'
[   11.340238] zswap: loaded using pool lzo/zbud
[   11.341811] Key type trusted registered
[   11.344683] Key type encrypted registered
[   11.344692] AppArmor: AppArmor sha1 policy hashing enabled
[   11.344696] ima: No TPM chip found, activating TPM-bypass!
[   11.344718] evm: HMAC attrs: 0x1
[   11.345127]   Magic number: 5:365:736
[   11.350841] rtc_cmos rtc_cmos: setting system clock to 2017-10-17 13:44:58 UTC (1508247898)
[   11.350947] BIOS EDD facility v0.16 2004-Jun-25, 0 devices found
[   11.350947] EDD information not available.
[   14.616323] Freeing unused kernel memory: 1492K
[   14.703059] Write protecting the kernel read-only data: 14336k
[   14.819880] Freeing unused kernel memory: 1748K
[   14.890231] Freeing unused kernel memory: 112K
Loading, please [   14.973512] random: systemd-udevd: uninitialized urandom read (16 bytes read, 5 bits of entropy available)
wait...
starting version 229
[   14.974269] random: udevadm: uninitialized urandom read (16 bytes read, 5 bits of entropy available)
[   14.974304] random: udevadm: uninitialized urandom read (16 bytes read, 5 bits of entropy available)
[   14.974411] random: udevadm: uninitialized urandom read (16 bytes read, 5 bits of entropy available)
[   14.974451] random: udevadm: uninitialized urandom read (16 bytes read, 5 bits of entropy available)
[   14.974496] random: udevadm: uninitialized urandom read (16 bytes read, 5 bits of entropy available)
[   14.974534] random: udevadm: uninitialized urandom read (16 bytes read, 5 bits of entropy available)
[   14.974571] random: udevadm: uninitialized urandom read (16 bytes read, 5 bits of entropy available)
[   14.974606] random: udevadm: uninitialized urandom read (16 bytes read, 5 bits of entropy available)
[   14.974641] random: udevadm: uninitialized urandom read (16 bytes read, 5 bits of entropy available)
[   15.657499] e1000: Intel(R) PRO/1000 Network Driver - version 7.3.21-k8-NAPI
[   15.697558] e1000: Copyright (c) 1999-2006 Intel Corporation.
[   15.720043] Fusion MPT base driver 3.04.20
[   15.773336] Copyright (c) 1999-2008 LSI Corporation
[   15.848065] AVX version of gcm_enc/dec engaged.
[   15.854658] AES CTR mode by8 optimization enabled
[   15.858101] Fusion MPT SPI Host driver 3.04.20
[   15.917862] input: ImExPS/2 Generic Explorer Mouse as /devices/platform/i8042/serio1/input/input4
[   16.207460] e1000 0000:00:03.0 eth0: (PCI:33MHz:32-bit) 02:14:68:3e:84:47
[   16.359717] e1000 0000:00:03.0 eth0: Intel(R) PRO/1000 Network Connection
[   16.864599] e1000 0000:00:08.0 eth1: (PCI:33MHz:32-bit) 08:00:27:d7:94:69
[   16.882271] e1000 0000:00:08.0 eth1: Intel(R) PRO/1000 Network Connection
[   16.897521] e1000 0000:00:03.0 enp0s3: renamed from eth0
[   16.940014] mptbase: ioc0: Initiating bringup
[   16.976680] e1000 0000:00:08.0 enp0s8: renamed from eth1
[   17.149209] ioc0: LSI53C1030 A0: Capabilities={Initiator}
[   17.456773] scsi host2: ioc0: LSI53C1030 A0, FwRev=00000000h, Ports=1, MaxQ=256, IRQ=20
[   17.713078] scsi 2:0:0:0: Direct-Access     VBOX     HARDDISK         1.0  PQ: 0 ANSI: 5
[   17.862081] scsi target2:0:0: Beginning Domain Validation
[   17.933523] scsi target2:0:0: Domain Validation skipping write tests
[   17.975958] scsi target2:0:0: Ending Domain Validation
[   18.025143] scsi target2:0:0: asynchronous
[   18.073163] scsi 2:0:1:0: Direct-Access     VBOX     HARDDISK         1.0  PQ: 0 ANSI: 5
[   18.119889] scsi target2:0:1: Beginning Domain Validation
[   18.212917] scsi target2:0:1: Domain Validation skipping write tests
[   18.320887] scsi target2:0:1: Ending Domain Validation
[   18.414322] scsi target2:0:1: asynchronous
[   18.428816] sd 2:0:0:0: [sda] 20971520 512-byte logical blocks: (10.7 GB/10.0 GiB)
[   18.434180] sd 2:0:0:0: Attached scsi generic sg0 type 0
[   18.490509] sd 2:0:0:0: [sda] Write Protect is off
[   18.534387] sd 2:0:1:0: [sdb] 20480 512-byte logical blocks: (10.5 MB/10.0 MiB)
[   18.534551] sd 2:0:0:0: [sda] Incomplete mode parameter data
[   18.534553] sd 2:0:0:0: [sda] Assuming drive cache: write through
[   18.536696]  sda: sda1
[   18.537295] sd 2:0:0:0: [sda] Attached SCSI disk
[   18.633549] sd 2:0:1:0: Attached scsi generic sg1 type 0
[   18.841285] floppy0: no floppy controllers found
[   18.841338] work still pending
[   19.060796] sd 2:0:1:0: [sdb] Write Protect is off
[   19.072041] sd 2:0:1:0: [sdb] Incomplete mode parameter data
[   19.088462] sd 2:0:1:0: [sdb] Assuming drive cache: write through
[   19.104790] sd 2:0:1:0: [sdb] Attached SCSI disk
Begin: Loading e[   20.522380] md: linear personality registered for level -1
ssential drivers ... [   20.682437] md: multipath personality registered for level -4
[   20.792075] md: raid0 personality registered for level 0
[   20.852834] md: raid1 personality registered for level 1
[   21.049225] raid6: sse2x1   gen() 10262 MB/s
[   21.256336] raid6: sse2x1   xor()  6776 MB/s
[   21.360487] raid6: sse2x2   gen()  6687 MB/s
[   21.490330] raid6: sse2x2   xor()  8121 MB/s
[   21.619090] raid6: sse2x4   gen() 13335 MB/s
[   21.784901] raid6: sse2x4   xor()  8849 MB/s
[   21.839391] raid6: using algorithm sse2x4 gen() 13335 MB/s
[   21.929219] raid6: .... xor() 8849 MB/s, rmw enabled
[   22.049572] raid6: using ssse3x2 recovery algorithm
[   22.165283] xor: automatically using best checksumming function:
[   22.264107]    avx       : 20941.000 MB/sec
[   22.321963] async_tx: api initialized (async)
[   22.380984] md: raid6 personality registered for level 6
[   22.384170] md: raid5 personality registered for level 5
[   22.402533] md: raid4 personality registered for level 4
[   22.420726] md: raid10 personality registered for level 10
done.
Begin: Running /scripts/init-premount ... done.
Begin: M[   22.497220] Btrfs loaded
ounting root file system ... Begin: Running /scripts/local-top ... done.
Begin: Running /scripts/local-premount ... Scanning for Btrfs filesystems
done.
Warning: fsck not present, so sk[   22.570701] EXT4-fs (sda1): mounted filesystem with ordered data mode. Opts: (null)
ipping root file system
done.
Begin: Running /scripts/local-bottom ... done.
Begin: Running /scripts/init-bottom ... done.
[   22.766547] systemd[1]: systemd 229 running in system mode. (+PAM +AUDIT +SELINUX +IMA +APPARMOR +SMACK +SYSVINIT +UTMP +LIBCRYPTSETUP +GCRYPT +GNUTLS +ACL +XZ -LZ4 +SECCOMP +BLKID +ELFUTILS +KMOD -IDN)
[   22.833987] systemd[1]: Detected virtualization oracle.
[   22.835242] systemd[1]: Detected architecture x86-64.

Welcome to [1mUbuntu 16.04.3 LTS[0m!

[   22.866861] systemd[1]: Set hostname to <ubuntu-xenial>.
[   23.351113] systemd[1]: Listening on LVM2 poll daemon socket.
[[0;32m  OK  [0m] Listening on LVM2 poll daemon socket.
[   23.524508] systemd[1]: Listening on udev Control Socket.
[[0;32m  OK  [0m] Listening on udev Control Socket.
[   23.552425] systemd[1]: Listening on Journal Socket.
[[0;32m  OK  [0m] Listening on Journal Socket.
[   23.632881] systemd[1]: Set up automount Arbitrary Executable File Formats File System Automount Point.
[[0;32m  OK  [0m] Set up automount Arbitrary Executab...ats File System Automount Point.
[   23.748744] systemd[1]: Started Forward Password Requests to Wall Directory Watch.
[[0;32m  OK  [0m] Started Forward Password Requests to Wall Directory Watch.
[   23.989060] systemd[1]: Listening on Journal Socket (/dev/log).
[[0;32m  OK  [0m] Listening on Journal Socket (/dev/log).
[   24.192703] systemd[1]: Started Trigger resolvconf update for networkd DNS.
[[0;32m  OK  [0m] Started Trigger resolvconf update for networkd DNS.
[   24.485509] systemd[1]: Created slice System Slice.
[[0;32m  OK  [0m] Created slice System Slice.
[   24.620368] systemd[1]: Starting Remount Root and Kernel File Systems...
[   24.621950] random: nonblocking pool is initialized
[   24.635202] EXT4-fs (sda1): re-mounted. Opts: (null)
         Starting Remount Root and Kernel File Systems...
[   24.712323] systemd[1]: Mounting Huge Pages File System...
         Mounting Huge Pages File System...
[   24.745869] systemd[1]: Starting Uncomplicated firewall...
         Starting Uncomplicated firewall...
[   24.840490] systemd[1]: Starting Load Kernel Modules...
[   24.878512] Loading iSCSI transport class v2.0-870.
         Starting Load Kernel Modules...
[   24.958419] iscsi: registered transport (tcp)
[   25.051163] systemd[1]: Starting Create list of required static device nodes for the current kernel...
         Starting Create list of required st... nodes for the current kernel...[   25.086518] iscsi: registered transport (iser)

[   25.137077] systemd[1]: Listening on Journal Audit Socket.
[[0;32m  OK  [0m] Listening on Journal Audit Socket.
[   25.296796] systemd[1]: Listening on /dev/initctl Compatibility Named Pipe.
[[0;32m  OK  [0m] Listening on /dev/initctl Compatibility Named Pipe.
[   25.588959] systemd[1]: Reached target User and Group Name Lookups.
[[0;32m  OK  [0m] Reached target User and Group Name Lookups.
[   25.736267] systemd[1]: Mounting Debug File System...
         Mounting Debug File System...
[   25.764391] systemd[1]: Listening on LVM2 metadata daemon socket.
[[0;32m  OK  [0m] Listening on LVM2 metadata daemon socket.
[   25.794301] systemd[1]: Listening on Syslog Socket.
[[0;32m  OK  [0m] Listening on Syslog Socket.
[   25.937144] systemd[1]: Starting Journal Service...
         Starting Journal Service...
[   25.972997] systemd[1]: Reached target Encrypted Volumes.
[[0;32m  OK  [0m] Reached target Encrypted Volumes.
[   26.140514] systemd[1]: Listening on udev Kernel Socket.
[[0;32m  OK  [0m] Listening on udev Kernel Socket.
[   26.353609] systemd[1]: Created slice system-serial\x2dgetty.slice.
[[0;32m  OK  [0m] Created slice system-serial\x2dgetty.slice.
[   26.465045] systemd[1]: Starting Set console keymap...
         Starting Set console keymap...
[   26.513358] systemd[1]: Mounting POSIX Message Queue File System...
         Mounting POSIX Message Queue File System...
[   26.564752] systemd[1]: Starting Nameserver information manager...
         Starting Nameserver information manager...
[   26.613123] systemd[1]: Listening on Device-mapper event daemon FIFOs.
[[0;32m  OK  [0m] Listening on Device-mapper event daemon FIFOs.
[   26.697014] systemd[1]: Starting Monitoring of LVM2 mirrors, snapshots etc. using dmeventd or progress polling...
         Starting Monitoring of LVM2 mirrors... dmeventd or progress polling...
[   26.762927] systemd[1]: Created slice User and Session Slice.
[[0;32m  OK  [0m] Created slice User and Session Slice.
[   26.808492] systemd[1]: Reached target Swap.
[[0;32m  OK  [0m] Reached target Swap.
[   26.864480] systemd[1]: Reached target Slices.
[[0;32m  OK  [0m] Reached target Slices.
[   26.913844] systemd[1]: Mounted Debug File System.
[[0;32m  OK  [0m] Mounted Debug File System.
[   27.005019] systemd[1]: Mounted Huge Pages File System.
[[0;32m  OK  [0m] Mounted Huge Pages File System.
[   27.241855] systemd[1]: Mounted POSIX Message Queue File System.
[[0;32m  OK  [0m] Mounted POSIX Message Queue File System.
[   27.372923] systemd[1]: Started Journal Service.
[[0;32m  OK  [0m] Started Journal Service.
[[0;32m  OK  [0m] Started Remount Root and Kernel File Systems.
[[0;32m  OK  [0m] Started Uncomplicated firewall.
[[0;32m  OK  [0m] Started Load Kernel Modules.
[[0;32m  OK  [0m] Started Create list of required sta...ce nodes for the current kernel.
[[0;32m  OK  [0m] Started Set console keymap.
[[0;32m  OK  [0m] Started Nameserver information manager.
[[0;32m  OK  [0m] Started LVM2 metadata daemon.
         Starting Create Static Device Nodes in /dev...
         Mounting FUSE Control File System...
         Starting Apply Kernel Variables...
         Starting udev Coldplug all Devices...
         Starting Load/Save Random Seed...
         Starting Initial cloud-init job (pre-networking)...
         Starting Flush Journal to Persistent Storage...
[[0;32m  OK  [0m] Mounted FUSE Control File System.
[[0;32m  OK  [0m] Started Create Static Device Nodes in /dev.
[[0;32m  OK  [0m] Started Apply Kernel Variables.
[[0;32m  OK  [0m] Started Monitoring of LVM2 mirrors,...ng dmeventd or progress polling.
[[0;32m  OK  [0m] Started Load/Save Random Seed.
[[0;32m  OK  [0m] Started udev Coldplug all Devices.
[[0;32m  OK  [0m] Started Flush Journal to Persistent Storage.
         Starting udev Kernel Device Manager...
[[0;32m  OK  [0m] Started udev Kernel Device Manager.
[[0;32m  OK  [0m] Started Dispatch Password Requests to Console Directory Watch.
[[0;32m  OK  [0m] Reached target Local File Systems (Pre).
[[0;32m  OK  [0m] Reached target Local File Systems.
         Starting Tell Plymouth To Write Out Runtime Data...
         Starting LSB: AppArmor initialization...
         Starting Create Volatile Files and Directories...
         Starting Set console font and keymap...
[[0;32m  OK  [0m] Started Tell Plymouth To Write Out Runtime Data.
[[0;32m  OK  [0m] Started Create Volatile Files and Directories.
[[0;32m  OK  [0m] Found device /dev/ttyS0.
         Starting Update UTMP about System Boot/Shutdown...
[[0;32m  OK  [0m] Reached target System Time Synchronized.
[[0;32m  OK  [0m] Started LSB: AppArmor initialization.
[[0;32m  OK  [0m] Started Update UTMP about System Boot/Shutdown.
[[0;32m  OK  [0m] Found device 82540EM Gigabit Ethern...r (PRO/1000 MT Desktop Adapter).
[[0;32m  OK  [0m] Found device 82540EM Gigabit Ethern...r (PRO/1000 MT Desktop Adapter).
[[0;32m  OK  [0m] Listening on Load/Save RF Kill Switch Status /dev/rfkill Watch.
[   24.121311] cloud-init[456]: Cloud-init v. 0.7.9 running 'init-local' at Tue, 17 Oct 2017 13:45:16 +0000. Up 23.73 seconds.
[[0;32m  OK  [0m] Started Initial cloud-init job (pre-networking).
[[0;32m  OK  [0m] Reached target Network (Pre).
[[0;32m  OK  [0m] Started ifup for enp0s3.
         Starting Raise network interfaces...
[[0;32m  OK  [0m] Started ifup for enp0s8.
[[0;32m  OK  [0m] Started Set console font and keymap.
[[0;32m  OK  [0m] Created slice system-getty.slice.
[[0;32m  OK  [0m] Started Raise network interfaces.
         Starting Initial cloud-init job (metadata service crawler)...
[[0;32m  OK  [0m] Reached target Network.
[   26.723614] cloud-init[1051]: Cloud-init v. 0.7.9 running 'init' at Tue, 17 Oct 2017 13:45:18 +0000. Up 26.31 seconds.
[   26.784442] [cloud-init[0;32m  OK  [0m[1051]: ] ci-info: ++++++++++++++++++++++++++++++++++++++Net device info++++++++++++++++++++++++++++++++++++++Started Initial cloud-init job (metadata service crawler).

[   26.785265] cloud-init[1051]: ci-info: +--------+------+-----------------------------+---------------+-------+-------------------+
[   26.930378] [cloud-init[0;32m  OK  [0m[1051]: ] ci-info: | Device |  Up  |           Address           |      Mask     | Scope |     Hw-Address    |Reached target Cloud-config availability.

[[0;32m  OK  [0m] Reached target System Initialization.
[[0;32m  OK  [0m] Started Daily Cleanup of Temporary Directories.
[   26.931120] cloud-init[1051]: ci-info: +--------+------+-----------------------------+---------------+-------+-------------------+
[   27.056995] [cloud-init[0;32m  OK  [0m[1051]: ] ci-info: | enp0s8 | True |        192.168.10.100       | 255.255.255.0 |   .   | 08:00:27:d7:94:69 |Started Timer to automatically refresh installed snaps.

[   27.058023] cloud-init[1051]: ci-info: | enp0s8 | True | fe80::a00:27ff:fed7:9469/64 |       .       |  link | 08:00:27:d7:94:69 |
[   27.273143]          cloud-initStarting LXD - unix socket.[1051]: 
ci-info: | enp0s3 | True |          10.0.2.15          | 255.255.255.0 |   .   | 02:14:68:3e:84:47 |
[   27.389033] [cloud-init[0;32m  OK  [0m[1051]: ] ci-info: | enp0s3 | True |  fe80::14:68ff:fe3e:8447/64 |       .       |  link | 02:14:68:3e:84:47 |Listening on UUID daemon activation socket.

[[0;32m  OK  [0m] Listening on ACPID Listen Socket.
[[0;32m  OK  [0m] Listening on D-Bus System Message Bus Socket.
[   27.390223] cloud-init[1051]: ci-info: |   lo   | True |          127.0.0.1          |   255.0.0.0   |   .   |         .         |
         Starting Socket activation for snappy daemon.
[[0;32m  OK  [0m] Started Timer to automatically fetch and run repair assertions.
[   27.659981] cloud-init[1051]: ci-info: |   lo   | True |           ::1/128           |       .       |  host |         .         |
[   27.852822] [cloud-init[0;32m  OK  [0m[1051]: ] ci-info: +--------+------+-----------------------------+---------------+-------+-------------------+Started ACPI Events Check.

[[0;32m  OK  [0m] Reached target Paths.
[[0;32m  OK  [0m] Reached target Network is Online.
[   27.853789] cloud-init[1051]: ci-info: ++++++++++++++++++++++++++++Route IPv4 info++++++++++++++++++++++++++++
[[0;32m  OK  [0m] Started Daily apt download activities.
[[0;32m  OK  [0m] Started Daily apt upgrade and clean activities.
[   28.060745] cloud-init[1051]: ci-info: +-------+--------------+----------+---------------+-----------+-------+
[[0;32m  OK  [0m] Reached target Timers.
[   28.061594] cloud-init[1051]: ci-info: | Route | Destination  | Gateway  |    Genmask    | Interface | Flags |
[   28.249126] cloud-init[1051]: ci-info: +-------+--------------+----------+---------------+-----------+-------+
         Starting iSCSI initiator daemon (iscsid)...
[[0;32m  OK  [0m] Listening on LXD - unix socket.
[   28.328100] cloud-init[1051]: ci-info: |   0   |   0.0.0.0    | 10.0.2.2 |    0.0.0.0    |   enp0s3  |   UG  |
[   28.440924] cloud-init[1051]: ci-info: |   1   |   10.0.2.0   | 0.0.0.0  | 255.255.255.0 |   enp0s3  |   U   |
[[0;32m  OK  [0m] Listening on Socket activation for snappy daemon.
[   28.524894] cloud-init[1051]: ci-info: |   2   | 192.168.10.0 | 0.0.0.0  | 255.255.255.0 |   enp0s8  |   U   |
[   28.648890] cloud-init[1051]: ci-info: +-------+--------------+----------+---------------+-----------+-------+
[[0;32m  OK  [0m] Started iSCSI initiator daemon (iscsid).
         Starting Login to default iSCSI targets...
[[0;32m  OK  [0m] Reached target Sockets.
[[0;32m  OK  [0m] Reached target Basic System.
[[0;32m  OK  [0m] Started Unattended Upgrades Shutdown.
         Starting System Logging Service...
         Starting LSB: Record successful boot for GRUB...
         Starting Accounts Service...
[[0;32m  OK  [0m] Started Regular background program processing daemon.
[[0;32m  OK  [0m] Started ACPI event daemon.
         Starting Apply the settings specified in cloud-config...
[[0;32m  OK  [0m] Started D-Bus System Message Bus.
         Starting Snappy daemon...
[[0;32m  OK  [0m] Started FUSE filesystem for LXC.
         Starting OpenBSD Secure Shell server...
         Starting LSB: MD monitoring daemon...
         Starting /etc/rc.local Compatibility...
[[0;32m  OK  [0m] Started Deferred execution scheduler.
         Starting Login Service...
         Starting LXD - container startup/shutdown...
[[0;32m  OK  [0m] Started System Logging Service.
[[0;32m  OK  [0m] Started Snappy daemon.
[[0;32m  OK  [0m] Started OpenBSD Secure Shell server.
[[0;32m  OK  [0m] Started /etc/rc.local Compatibility.
[[0;32m  OK  [0m] Started Login to default iSCSI targets.
[[0;32m  OK  [0m] Started LSB: Record successful boot for GRUB.
[[0;32m  OK  [0m] Started LXD - container startup/shutdown.
[[0;32m  OK  [0m] Started LSB: MD monitoring daemon.
         Starting Authenticate and Authorize Users to Run Privileged Tasks...
[[0;32m  OK  [0m] Reached target Remote File Systems (Pre).
[[0;32m  OK  [0m] Reached target Remote File Systems.
         Starting LSB: daemon to balance interrupts for SMP systems...
         Starting Permit User Sessions...
         Starting LSB: automatic crash report generation...
         Starting LSB: Set the CPU Frequency Scaling governor to "ondemand"...
         Starting LSB: VirtualBox Linux Additions...
         Starting Auto import assertions from block devices...
[[0;32m  OK  [0m] Started Permit User Sessions.
[[0;32m  OK  [0m] Started Auto import assertions from block devices.
[[0;32m  OK  [0m] Started Login Service.
[   30.107163] cloud-init[1130]: Cloud-init v. 0.7.9 running 'modules:config' at Tue, 17 Oct 2017 13:45:22 +0000. Up 29.78 seconds.
[[0;32m  OK  [0m] Started Authenticate and Authorize Users to Run Privileged Tasks.
[[0;32m  OK  [0m] Started Accounts Service.
[[0;32m  OK  [0m] Started LSB: daemon to balance interrupts for SMP systems.
[[0;32m  OK  [0m] Started LSB: Set the CPU Frequency Scaling governor to "ondemand".
[[0;32m  OK  [0m] Started Apply the settings specified in cloud-config.
[[0;32m  OK  [0m] Started LSB: automatic crash report generation.
         Starting Terminate Plymouth Boot Screen...
         Starting Hold until boot process finishes up...
[[0;32m  OK  [0m] Started Terminate Plymouth Boot Screen.
[[0;32m  OK  [0m] Started Hold until boot process finishes up.
[[0;32m  OK  [0m] Started LSB: VirtualBox Linux Additions.
[[0;32m  OK  [0m] Created slice User Slice of ubuntu.
[[0;32m  OK  [0m] Started Session 1 of user ubuntu.
         Starting User Manager for UID 1000...
         Starting Set console scheme...
[[0;32m  OK  [0m] Started Getty on tty1.
[[0;32m  OK  [0m] Started Serial Getty on ttyS0.
[[0;32m  OK  [0m] Reached target Login Prompts.
[[0;32m  OK  [0m] Reached target Multi-User System.
[[0;32m  OK  [0m] Reached target Graphical Interface.
         Starting Update UTMP about System Runlevel Changes...
         Starting Execute cloud user/final scripts...
[[0;32m  OK  [0m] Started User Manager for UID 1000.
[[0;32m  OK  [0m] Started Set console scheme.
[[0;32m  OK  [0m] Started Update UTMP about System Runlevel Changes.
[   31.204857] cloud-init[1300]: Cloud-init v. 0.7.9 running 'modules:final' at Tue, 17 Oct 2017 13:45:23 +0000. Up 31.05 seconds.
[   31.257347] cloud-init[1300]: Cloud-init v. 0.7.9 finished at Tue, 17 Oct 2017 13:45:23 +0000. Datasource DataSourceNoCloud [seed=/dev/sdb][dsmode=net].  Up 31.19 seconds
[[0;32m  OK  [0m] Started Execute cloud user/final scripts.
[[0;32m  OK  [0m] Reached target Cloud-init target.

Ubuntu 16.04.3 LTS ubuntu-xenial ttyS0

ubuntu-xenial login: 